[0.064s] DEBUG:colcon:Command line arguments: ['/usr/bin/colcon', 'build']
[0.064s] DEBUG:colcon:Parsed command line arguments: Namespace(log_base=None, log_level=None, verb_name='build', build_base='build', install_base='install', merge_install=False, symlink_install=False, test_result_base=None, continue_on_error=False, executor='parallel', parallel_workers=24, event_handlers=None, ignore_user_meta=False, metas=['./colcon.meta'], base_paths=['.'], packages_ignore=None, packages_ignore_regex=None, paths=None, packages_up_to=None, packages_up_to_regex=None, packages_above=None, packages_above_and_dependencies=None, packages_above_depth=None, packages_select_by_dep=None, packages_skip_by_dep=None, packages_skip_up_to=None, packages_select_build_failed=False, packages_skip_build_finished=False, packages_select_test_failures=False, packages_skip_test_passed=False, packages_select=None, packages_skip=None, packages_select_regex=None, packages_skip_regex=None, packages_start=None, packages_end=None, allow_overriding=[], cmake_args=None, cmake_target=None, cmake_target_skip_unavailable=False, cmake_clean_cache=False, cmake_clean_first=False, cmake_force_configure=False, ament_cmake_args=None, catkin_cmake_args=None, catkin_skip_building_tests=False, mixin_files=None, mixin=None, verb_parser=<colcon_mixin.mixin.mixin_argument.MixinArgumentDecorator object at 0x7a1a5c4841f0>, verb_extension=<colcon_core.verb.build.BuildVerb object at 0x7a1a5c589150>, main=<bound method BuildVerb.main of <colcon_core.verb.build.BuildVerb object at 0x7a1a5c589150>>, mixin_verb=('build',))
[0.159s] Level 1:colcon.colcon_core.package_discovery:discover_packages(colcon_meta) check parameters
[0.159s] Level 1:colcon.colcon_core.package_discovery:discover_packages(recursive) check parameters
[0.159s] Level 1:colcon.colcon_core.package_discovery:discover_packages(ignore) check parameters
[0.159s] Level 1:colcon.colcon_core.package_discovery:discover_packages(path) check parameters
[0.159s] Level 1:colcon.colcon_core.package_discovery:discover_packages(colcon_meta) discover
[0.159s] Level 1:colcon.colcon_core.package_discovery:discover_packages(recursive) discover
[0.159s] INFO:colcon.colcon_core.package_discovery:Crawling recursively for packages in '/home/student/year_3_ros/src/limo_local'
[0.159s] Level 1:colcon.colcon_core.package_identification:_identify(.) by extensions ['ignore', 'ignore_ament_install']
[0.159s] Level 1:colcon.colcon_core.package_identification:_identify(.) by extension 'ignore'
[0.159s] Level 1:colcon.colcon_core.package_identification:_identify(.) by extension 'ignore_ament_install'
[0.159s] Level 1:colcon.colcon_core.package_identification:_identify(.) by extensions ['colcon_pkg']
[0.159s] Level 1:colcon.colcon_core.package_identification:_identify(.) by extension 'colcon_pkg'
[0.159s] Level 1:colcon.colcon_core.package_identification:_identify(.) by extensions ['colcon_meta']
[0.159s] Level 1:colcon.colcon_core.package_identification:_identify(.) by extension 'colcon_meta'
[0.159s] Level 1:colcon.colcon_core.package_identification:_identify(.) by extensions ['ros']
[0.159s] Level 1:colcon.colcon_core.package_identification:_identify(.) by extension 'ros'
[0.167s] DEBUG:colcon.colcon_core.package_identification:Package '.' with type 'ros.ament_python' and name 'limo_local'
[0.167s] Level 1:colcon.colcon_core.package_discovery:discover_packages(recursive) using defaults
[0.167s] Level 1:colcon.colcon_core.package_discovery:discover_packages(ignore) discover
[0.167s] Level 1:colcon.colcon_core.package_discovery:discover_packages(ignore) using defaults
[0.167s] Level 1:colcon.colcon_core.package_discovery:discover_packages(path) discover
[0.167s] Level 1:colcon.colcon_core.package_discovery:discover_packages(path) using defaults
[0.185s] Level 1:colcon.colcon_core.package_discovery:discover_packages(prefix_path) check parameters
[0.185s] Level 1:colcon.colcon_core.package_discovery:discover_packages(prefix_path) discover
[0.186s] DEBUG:colcon.colcon_installed_package_information.package_discovery:Found 8 installed packages in /home/student/year_3_ros/install
[0.187s] DEBUG:colcon.colcon_installed_package_information.package_discovery:Found 376 installed packages in /opt/ros/humble
[0.188s] Level 1:colcon.colcon_core.package_discovery:discover_packages(prefix_path) using defaults
[0.214s] Level 5:colcon.colcon_core.verb:set package 'limo_local' build argument 'cmake_args' from command line to 'None'
[0.214s] Level 5:colcon.colcon_core.verb:set package 'limo_local' build argument 'cmake_target' from command line to 'None'
[0.214s] Level 5:colcon.colcon_core.verb:set package 'limo_local' build argument 'cmake_target_skip_unavailable' from command line to 'False'
[0.214s] Level 5:colcon.colcon_core.verb:set package 'limo_local' build argument 'cmake_clean_cache' from command line to 'False'
[0.214s] Level 5:colcon.colcon_core.verb:set package 'limo_local' build argument 'cmake_clean_first' from command line to 'False'
[0.214s] Level 5:colcon.colcon_core.verb:set package 'limo_local' build argument 'cmake_force_configure' from command line to 'False'
[0.214s] Level 5:colcon.colcon_core.verb:set package 'limo_local' build argument 'ament_cmake_args' from command line to 'None'
[0.214s] Level 5:colcon.colcon_core.verb:set package 'limo_local' build argument 'catkin_cmake_args' from command line to 'None'
[0.214s] Level 5:colcon.colcon_core.verb:set package 'limo_local' build argument 'catkin_skip_building_tests' from command line to 'False'
[0.214s] DEBUG:colcon.colcon_core.verb:Building package 'limo_local' with the following arguments: {'ament_cmake_args': None, 'build_base': '/home/student/year_3_ros/src/limo_local/build/limo_local', 'catkin_cmake_args': None, 'catkin_skip_building_tests': False, 'cmake_args': None, 'cmake_clean_cache': False, 'cmake_clean_first': False, 'cmake_force_configure': False, 'cmake_target': None, 'cmake_target_skip_unavailable': False, 'install_base': '/home/student/year_3_ros/src/limo_local/install/limo_local', 'merge_install': False, 'path': '/home/student/year_3_ros/src/limo_local', 'symlink_install': False, 'test_result_base': None}
[0.215s] INFO:colcon.colcon_core.executor:Executing jobs using 'parallel' executor
[0.215s] DEBUG:colcon.colcon_parallel_executor.executor.parallel:run_until_complete
[0.215s] INFO:colcon.colcon_ros.task.ament_python.build:Building ROS package in '/home/student/year_3_ros/src/limo_local' with build type 'ament_python'
[0.215s] Level 1:colcon.colcon_core.shell:create_environment_hook('limo_local', 'ament_prefix_path')
[0.217s] INFO:colcon.colcon_core.plugin_system:Skipping extension 'colcon_core.shell.bat': Not used on non-Windows systems
[0.217s] INFO:colcon.colcon_core.shell:Creating environment hook '/home/student/year_3_ros/src/limo_local/install/limo_local/share/limo_local/hook/ament_prefix_path.ps1'
[0.217s] INFO:colcon.colcon_core.shell:Creating environment descriptor '/home/student/year_3_ros/src/limo_local/install/limo_local/share/limo_local/hook/ament_prefix_path.dsv'
[0.217s] INFO:colcon.colcon_core.shell:Creating environment hook '/home/student/year_3_ros/src/limo_local/install/limo_local/share/limo_local/hook/ament_prefix_path.sh'
[0.218s] INFO:colcon.colcon_core.shell:Skip shell extension 'powershell' for command environment: Not usable outside of PowerShell
[0.218s] DEBUG:colcon.colcon_core.shell:Skip shell extension 'dsv' for command environment
[0.371s] INFO:colcon.colcon_core.task.python.build:Building Python package in '/home/student/year_3_ros/src/limo_local'
[0.371s] INFO:colcon.colcon_core.shell:Skip shell extension 'powershell' for command environment: Not usable outside of PowerShell
[0.371s] DEBUG:colcon.colcon_core.shell:Skip shell extension 'dsv' for command environment
[0.568s] DEBUG:colcon.colcon_core.event_handler.log_command:Invoking command in '/home/student/year_3_ros/src/limo_local': PYTHONPATH=/home/student/year_3_ros/src/limo_local/build/limo_local/prefix_override:/usr/lib/python3/dist-packages/colcon_core/task/python/colcon_distutils_commands:/home/student/year_3_ros/src/limo_local/install/limo_local/lib/python3.10/site-packages:${PYTHONPATH} /usr/bin/python3 -W ignore:setup.py install is deprecated -W ignore:easy_install command is deprecated setup.py egg_info --egg-base build/limo_local build --build-base /home/student/year_3_ros/src/limo_local/build/limo_local/build install --record /home/student/year_3_ros/src/limo_local/build/limo_local/install.log --single-version-externally-managed install_data
[0.745s] DEBUG:colcon.colcon_core.event_handler.log_command:Invoked command in '/home/student/year_3_ros/src/limo_local' returned '0': PYTHONPATH=/home/student/year_3_ros/src/limo_local/build/limo_local/prefix_override:/usr/lib/python3/dist-packages/colcon_core/task/python/colcon_distutils_commands:/home/student/year_3_ros/src/limo_local/install/limo_local/lib/python3.10/site-packages:${PYTHONPATH} /usr/bin/python3 -W ignore:setup.py install is deprecated -W ignore:easy_install command is deprecated setup.py egg_info --egg-base build/limo_local build --build-base /home/student/year_3_ros/src/limo_local/build/limo_local/build install --record /home/student/year_3_ros/src/limo_local/build/limo_local/install.log --single-version-externally-managed install_data
[0.747s] Level 1:colcon.colcon_core.environment:checking '/home/student/year_3_ros/src/limo_local/install/limo_local' for CMake module files
[0.747s] Level 1:colcon.colcon_core.environment:checking '/home/student/year_3_ros/src/limo_local/install/limo_local' for CMake config files
[0.747s] Level 1:colcon.colcon_core.environment:checking '/home/student/year_3_ros/src/limo_local/install/limo_local/lib'
[0.748s] Level 1:colcon.colcon_core.environment:checking '/home/student/year_3_ros/src/limo_local/install/limo_local/bin'
[0.748s] Level 1:colcon.colcon_core.environment:checking '/home/student/year_3_ros/src/limo_local/install/limo_local/lib/pkgconfig/limo_local.pc'
[0.748s] Level 1:colcon.colcon_core.environment:checking '/home/student/year_3_ros/src/limo_local/install/limo_local/lib/python3.10/site-packages'
[0.748s] Level 1:colcon.colcon_core.shell:create_environment_hook('limo_local', 'pythonpath')
[0.748s] INFO:colcon.colcon_core.shell:Creating environment hook '/home/student/year_3_ros/src/limo_local/install/limo_local/share/limo_local/hook/pythonpath.ps1'
[0.749s] INFO:colcon.colcon_core.shell:Creating environment descriptor '/home/student/year_3_ros/src/limo_local/install/limo_local/share/limo_local/hook/pythonpath.dsv'
[0.749s] INFO:colcon.colcon_core.shell:Creating environment hook '/home/student/year_3_ros/src/limo_local/install/limo_local/share/limo_local/hook/pythonpath.sh'
[0.749s] Level 1:colcon.colcon_core.environment:checking '/home/student/year_3_ros/src/limo_local/install/limo_local/bin'
[0.749s] Level 1:colcon.colcon_core.environment:create_environment_scripts_only(limo_local)
[0.750s] INFO:colcon.colcon_core.shell:Creating package script '/home/student/year_3_ros/src/limo_local/install/limo_local/share/limo_local/package.ps1'
[0.750s] INFO:colcon.colcon_core.shell:Creating package descriptor '/home/student/year_3_ros/src/limo_local/install/limo_local/share/limo_local/package.dsv'
[0.751s] INFO:colcon.colcon_core.shell:Creating package script '/home/student/year_3_ros/src/limo_local/install/limo_local/share/limo_local/package.sh'
[0.751s] INFO:colcon.colcon_core.shell:Creating package script '/home/student/year_3_ros/src/limo_local/install/limo_local/share/limo_local/package.bash'
[0.751s] INFO:colcon.colcon_core.shell:Creating package script '/home/student/year_3_ros/src/limo_local/install/limo_local/share/limo_local/package.zsh'
[0.752s] Level 1:colcon.colcon_core.environment:create_file_with_runtime_dependencies(/home/student/year_3_ros/src/limo_local/install/limo_local/share/colcon-core/packages/limo_local)
[0.752s] DEBUG:colcon.colcon_parallel_executor.executor.parallel:closing loop
[0.752s] DEBUG:colcon.colcon_parallel_executor.executor.parallel:loop closed
[0.752s] DEBUG:colcon.colcon_parallel_executor.executor.parallel:run_until_complete finished with '0'
[0.752s] DEBUG:colcon.colcon_core.event_reactor:joining thread
[0.756s] INFO:colcon.colcon_core.plugin_system:Skipping extension 'colcon_notification.desktop_notification.terminal_notifier': Not used on non-Darwin systems
[0.756s] INFO:colcon.colcon_core.plugin_system:Skipping extension 'colcon_notification.desktop_notification.win32': Not used on non-Windows systems
[0.756s] INFO:colcon.colcon_notification.desktop_notification:Sending desktop notification using 'notify2'
[0.770s] DEBUG:colcon.colcon_core.event_reactor:joined thread
[0.770s] INFO:colcon.colcon_core.shell:Creating prefix script '/home/student/year_3_ros/src/limo_local/install/local_setup.ps1'
[0.771s] INFO:colcon.colcon_core.shell:Creating prefix util module '/home/student/year_3_ros/src/limo_local/install/_local_setup_util_ps1.py'
[0.772s] INFO:colcon.colcon_core.shell:Creating prefix chain script '/home/student/year_3_ros/src/limo_local/install/setup.ps1'
[0.773s] INFO:colcon.colcon_core.shell:Creating prefix script '/home/student/year_3_ros/src/limo_local/install/local_setup.sh'
[0.773s] INFO:colcon.colcon_core.shell:Creating prefix util module '/home/student/year_3_ros/src/limo_local/install/_local_setup_util_sh.py'
[0.774s] INFO:colcon.colcon_core.shell:Creating prefix chain script '/home/student/year_3_ros/src/limo_local/install/setup.sh'
[0.775s] INFO:colcon.colcon_core.shell:Creating prefix script '/home/student/year_3_ros/src/limo_local/install/local_setup.bash'
[0.776s] INFO:colcon.colcon_core.shell:Creating prefix chain script '/home/student/year_3_ros/src/limo_local/install/setup.bash'
[0.777s] INFO:colcon.colcon_core.shell:Creating prefix script '/home/student/year_3_ros/src/limo_local/install/local_setup.zsh'
[0.777s] INFO:colcon.colcon_core.shell:Creating prefix chain script '/home/student/year_3_ros/src/limo_local/install/setup.zsh'
